{[03.07.2018] INFO equation: 2*x-5, result: [ 5/2 ]}
{[03.07.2018] INFO equation: x-1, result: [ 1 ]}
{[03.07.2018] INFO equation: x*x-4, result: [ -2 2 ]}
{[03.07.2018] INFO equation: 12*x+1, result: [ -1/12 ]}
{[03.07.2018] INFO equation: 3*x^2+-2*x-4, result: [ 1/3 + sqrt(13)/3 -sqrt(13)/3 + 1/3 ]}
{[03.07.2018] INFO equation: 789, result: [ NaN ]}
{[03.07.2018] INFO equation: x^2-1, result: [ -1 1 ]}
{[03.07.2018] INFO equation: вцыы, result: Cant solve this equation}
{[03.07.2018] INFO equation: мт исмс, result: Cant solve this equation}
{[03.07.2018] INFO equation: x^3, result: [ 0 ]}
{[03.07.2018] INFO equation: 2*x-5, result: [ 5/2 ]}
{[03.07.2018] INFO equation: x-1, result: [ 1 ]}
{[03.07.2018] INFO equation: x*x-4, result: [ -2 2 ]}
{[03.07.2018] INFO equation: 12*x+1, result: [ -1/12 ]}
{[03.07.2018] INFO equation: 3*x^2+-2*x-4, result: [ 1/3 + sqrt(13)/3 -sqrt(13)/3 + 1/3 ]}
{[03.07.2018] INFO equation: 789, result: [ NaN ]}
{[03.07.2018] INFO equation: x^2-1, result: [ -1 1 ]}
{[03.07.2018] INFO equation: вцыы, result: Cant solve this equation}
{[03.07.2018] INFO equation: мт исмс, result: Cant solve this equation}
{[03.07.2018] INFO equation: x^3, result: [ 0 ]}
{[03.07.2018] ERROR Нельзя открыть файл: файл не найден
{[03.07.2018] ERROR Нельзя открыть файл: файл не найден
{[03.07.2018] INFO equation: 2*x-5, result: [ 5/2 ]}
{[03.07.2018] INFO equation: x-1, result: [ 1 ]}
{[03.07.2018] INFO equation: x*x-4, result: [ -2 2 ]}
{[03.07.2018] INFO equation: 12*x+1, result: [ -1/12 ]}
{[03.07.2018] INFO equation: 3*x^2+-2*x-4, result: [ 1/3 + sqrt(13)/3 -sqrt(13)/3 + 1/3 ]}
{[03.07.2018] INFO equation: 789, result: [ NaN ]}
{[03.07.2018] INFO equation: x^2-1, result: [ -1 1 ]}
{[03.07.2018] INFO equation: вцыы, result: Cant solve this equation}
{[03.07.2018] INFO equation: мт исмс, result: Cant solve this equation}
{[03.07.2018] INFO equation: x^3, result: [ 0 ]}
{[03.07.2018] ERROR Нельзя открыть файл: файл не найден
{[03.07.2018] ERROR Нельзя открыть файл: файл не найден